[+] Containers:
 |- [+] Container: /Game/Maps/ThirdPersonMap
 |   |- [+] ActorDescs:
 |   |   |- Guid:07DB48BC4D6D828D4E1106B7342BA51F BaseClass:/Game/Blueprints/BP_Convoyeur.BP_Convoyeur_C NativeClass:/Script/Engine.Actor Name:BP_Convoyeur_C_UAID_E073E73975F0F5A101_1884305299 Label:BP_Convoyeur4 SpatiallyLoaded:1 Bounds:IsValid=true, Min=(X=560.000 Y=2920.000 Z=-29.937), Max=(X=1060.000 Y=3080.000 Z=130.063) RuntimeGrid:None EditorOnly:0 RuntimeOnly:0 HLODRelevant:0
 |   |   |- Guid:0A733B864C327F0B589EC8BBDD0265BC BaseClass: NativeClass:/Script/Engine.StaticMeshActor Name:StaticMeshActor_13 Label:SM_Cube9 SpatiallyLoaded:1 Bounds:IsValid=true, Min=(X=1490.000 Y=1390.000 Z=0.000), Max=(X=1690.000 Y=2090.000 Z=100.000) RuntimeGrid:None EditorOnly:0 RuntimeOnly:0 HLODRelevant:1 FolderPath:Block01 FolderGuid:7D23E5AE4C2A421F86AF6986D87E6D05
 |   |   |- Guid:1CD1099B400B62F1F2D3A5BCC5CEAFEF BaseClass: NativeClass:/Script/NavigationSystem.RecastNavMesh Name:RecastNavMesh_UAID_E073E73975F0179F01-Default Label:RecastNavMesh-Default SpatiallyLoaded:0 Bounds:IsValid=true, Min=(X=0.000 Y=0.000 Z=0.000), Max=(X=0.000 Y=0.000 Z=0.000) RuntimeGrid:None EditorOnly:0 RuntimeOnly:0 HLODRelevant:0
 |   |   |- Guid:1CFE31B743C0EFB13C718B8637A5F506 BaseClass:/Game/Blueprints/BP_Convoyeur.BP_Convoyeur_C NativeClass:/Script/Engine.Actor Name:BP_Convoyeur_C_UAID_E073E73975F0F8A101_1202592828 Label:BP_Convoyeur5 SpatiallyLoaded:1 Bounds:IsValid=true, Min=(X=1380.000 Y=2430.000 Z=140.063), Max=(X=1880.000 Y=2590.000 Z=300.063) RuntimeGrid:None EditorOnly:0 RuntimeOnly:0 HLODRelevant:0
 |   |   |- Guid:20166F28431A3F807D8D76B3CA6CBDDA BaseClass:/Game/Blueprints/BP_Convoyeur.BP_Convoyeur_C NativeClass:/Script/Engine.Actor Name:BP_Convoyeur_C_UAID_E073E73975F0F8A101_1220666829 Label:BP_Convoyeur6 SpatiallyLoaded:1 Bounds:IsValid=true, Min=(X=1870.000 Y=2430.000 Z=140.063), Max=(X=2030.000 Y=2930.000 Z=300.063) RuntimeGrid:None EditorOnly:0 RuntimeOnly:0 HLODRelevant:0
 |   |   |- Guid:21E2A6EE4D2C414BE13F1C822A933DB5 BaseClass: NativeClass:/Script/Engine.StaticMeshActor Name:StaticMeshActor_UAID_E073E73975F093A201_1820017104 Label:Cube2 SpatiallyLoaded:1 Bounds:IsValid=true, Min=(X=1125.000 Y=95.000 Z=95.000), Max=(X=1175.000 Y=145.000 Z=145.000) RuntimeGrid:None EditorOnly:0 RuntimeOnly:0 HLODRelevant:0
 |   |   |- Guid:25B181D849C3AAAD80CD12997B89E7F6 BaseClass:/Game/Blueprints/BP_TestChiffres.BP_TestChiffres_C NativeClass:/Script/Engine.Actor Name:BP_TestChiffres_C_UAID_E073E73975F00DA001_1824100407 Label:BP_TestChiffres SpatiallyLoaded:1 Bounds:IsValid=true, Min=(X=2560.000 Y=1045.000 Z=-12.500), Max=(X=2862.500 Y=1395.000 Z=279.375) RuntimeGrid:None EditorOnly:0 RuntimeOnly:0 HLODRelevant:0
 |   |   |- Guid:25B56BE340707AD2B0200E8BF183E314 BaseClass:/Game/Blueprints/BP_Convoyeur.BP_Convoyeur_C NativeClass:/Script/Engine.Actor Name:BP_Convoyeur_C_UAID_E073E73975F0F8A101_1262617831 Label:BP_Convoyeur8 SpatiallyLoaded:1 Bounds:IsValid=true, Min=(X=1080.000 Y=2920.000 Z=-29.937), Max=(X=1580.000 Y=3080.000 Z=130.063) RuntimeGrid:None EditorOnly:0 RuntimeOnly:0 HLODRelevant:0
 |   |   |- Guid:316CF2A6494ACA4C0E4180A87D36AB8F BaseClass: NativeClass:/Script/Engine.ExponentialHeightFog Name:ExponentialHeightFog_0 Label:ExponentialHeightFog SpatiallyLoaded:0 Bounds:IsValid=true, Min=(X=-5600.000 Y=-50.000 Z=-6850.000), Max=(X=-5600.000 Y=-50.000 Z=-6850.000) RuntimeGrid:None EditorOnly:0 RuntimeOnly:0 HLODRelevant:0 FolderPath:Lighting FolderGuid:963EC3EB4002CCE9759E2EBA541A873A
 |   |   |- Guid:3A00AA1C422CE54C0BDB60BAF471BFBB BaseClass: NativeClass:/Script/Engine.PlayerStart Name:PlayerStart_0 Label:PlayerStart SpatiallyLoaded:0 Bounds:IsValid=true, Min=(X=713.647 Y=433.647 Z=76.438), Max=(X=826.353 Y=546.353 Z=260.438) RuntimeGrid:None EditorOnly:0 RuntimeOnly:0 HLODRelevant:0
 |   |   |- Guid:3ACEEE2B488EBD1FFEF3B4837DA77766 BaseClass:/Game/Blueprints/BP_Convoyeur.BP_Convoyeur_C NativeClass:/Script/Engine.Actor Name:BP_Convoyeur_C_UAID_E073E73975F0F5A101_1463970295 Label:BP_Convoyeur SpatiallyLoaded:1 Bounds:IsValid=true, Min=(X=410.000 Y=2580.000 Z=-29.937), Max=(X=570.000 Y=3080.000 Z=130.063) RuntimeGrid:None EditorOnly:0 RuntimeOnly:0 HLODRelevant:0
 |   |   |- Guid:43815E84492231AFC407F59E3C28176B BaseClass: NativeClass:/Script/Engine.StaticMeshActor Name:StaticMeshActor_4 Label:SM_Cube6 SpatiallyLoaded:1 Bounds:IsValid=true, Min=(X=2900.000 Y=-540.000 Z=0.000), Max=(X=3000.000 Y=3610.000 Z=400.000) RuntimeGrid:None EditorOnly:0 RuntimeOnly:0 HLODRelevant:1 FolderPath:Playground FolderGuid:C73F09FC4215536B1DCE2A9E0A830C70
 |   |   |- Guid:5D9721814DD0C68C6EB94388E1FF3569 BaseClass:/Game/Blueprints/BP_Convoyeur.BP_Convoyeur_C NativeClass:/Script/Engine.Actor Name:BP_Convoyeur_C_UAID_E073E73975F0F5A101_1855013298 Label:BP_Convoyeur3 SpatiallyLoaded:1 Bounds:IsValid=true, Min=(X=898.183 Y=2430.000 Z=-0.947), Max=(X=1380.000 Y=2590.000 Z=281.962) RuntimeGrid:None EditorOnly:0 RuntimeOnly:0 HLODRelevant:0
 |   |   |- Guid:6BAF4DDD444C60371492D3919DB42C97 BaseClass: NativeClass:/Script/Engine.WorldDataLayers Name:WorldDataLayers Label:WorldDataLayers SpatiallyLoaded:0 Bounds:IsValid=true, Min=(X=0.000 Y=0.000 Z=0.000), Max=(X=0.000 Y=0.000 Z=0.000) RuntimeGrid:None EditorOnly:0 RuntimeOnly:0 HLODRelevant:0
 |   |   |- Guid:79C9B0C246824948C2428ABA13657451 BaseClass: NativeClass:/Script/Engine.StaticMeshActor Name:StaticMeshActor_25 Label:SM_QuarterCylinder6 SpatiallyLoaded:1 Bounds:IsValid=true, Min=(X=890.000 Y=2090.000 Z=0.000), Max=(X=990.000 Y=2190.000 Z=200.000) RuntimeGrid:None EditorOnly:0 RuntimeOnly:0 HLODRelevant:1 FolderPath:Block01 FolderGuid:7D23E5AE4C2A421F86AF6986D87E6D05
 |   |   |- Guid:83EFF749402BDEF1590E6E93EC927B5F BaseClass:/Game/Blueprints/BP_TestFace.BP_TestFace_C NativeClass:/Script/Engine.Actor Name:BP_TestHasard_C_UAID_E073E73975F07B9E01_1911338655 Label:BP_TestHasard SpatiallyLoaded:1 Bounds:IsValid=true, Min=(X=2490.000 Y=490.000 Z=0.063), Max=(X=2875.000 Y=765.000 Z=282.563) RuntimeGrid:None EditorOnly:0 RuntimeOnly:0 HLODRelevant:0
 |   |   |- Guid:943A5C384BE2C180EF56209BE965B238 BaseClass:/Game/Blueprints/BP_Conveyor/BP_Conveyor.BP_Conveyor_C NativeClass:/Script/Engine.Actor Name:BP_Conveyor_C_UAID_E073E73975F092A201_1786665937 Label:BP_Conveyor SpatiallyLoaded:1 Bounds:IsValid=true, Min=(X=695.137 Y=38.519 Z=-5.863), Max=(X=1780.236 Y=724.444 Z=260.063) RuntimeGrid:None EditorOnly:0 RuntimeOnly:0 HLODRelevant:0
 |   |   |- Guid:961864A84FF6F65B68F2A3BE5819D538 BaseClass: NativeClass:/Script/Engine.StaticMeshActor Name:StaticMeshActor_8 Label:SM_Cube4 SpatiallyLoaded:1 Bounds:IsValid=true, Min=(X=890.000 Y=1590.000 Z=0.000), Max=(X=1490.000 Y=2090.000 Z=200.000) RuntimeGrid:None EditorOnly:0 RuntimeOnly:0 HLODRelevant:1 FolderPath:Block01 FolderGuid:7D23E5AE4C2A421F86AF6986D87E6D05
 |   |   |- Guid:A3D60B164EE63F17F99D9993F4639E2C BaseClass:/Game/Blueprints/BP_Convoyeur.BP_Convoyeur_C NativeClass:/Script/Engine.Actor Name:BP_Convoyeur_C_UAID_E073E73975F0F5A101_1831435297 Label:BP_Convoyeur2 SpatiallyLoaded:1 Bounds:IsValid=true, Min=(X=410.000 Y=2430.000 Z=-29.937), Max=(X=910.000 Y=2590.000 Z=130.063) RuntimeGrid:None EditorOnly:0 RuntimeOnly:0 HLODRelevant:0
 |   |   |- Guid:A9F92C8C4014F0E2417666BCD6BA8242 BaseClass:/Game/Blueprints/BP_Convoyeur.BP_Convoyeur_C NativeClass:/Script/Engine.Actor Name:BP_Convoyeur_C_UAID_E073E73975F0F8A101_1248244830 Label:BP_Convoyeur7 SpatiallyLoaded:1 Bounds:IsValid=true, Min=(X=1530.000 Y=2920.000 Z=140.063), Max=(X=2030.000 Y=3080.000 Z=300.063) RuntimeGrid:None EditorOnly:0 RuntimeOnly:0 HLODRelevant:0
 |   |   |- Guid:AB74120142217676C6EC818E6B49412B BaseClass: NativeClass:/Script/Engine.StaticMeshActor Name:StaticMeshActor_15 Label:SM_Cube10 SpatiallyLoaded:1 Bounds:IsValid=true, Min=(X=1490.000 Y=1990.000 Z=100.000), Max=(X=1690.000 Y=2090.000 Z=200.000) RuntimeGrid:None EditorOnly:0 RuntimeOnly:0 HLODRelevant:1 FolderPath:Block01 FolderGuid:7D23E5AE4C2A421F86AF6986D87E6D05
 |   |   |- Guid:AF1010904F1A4401D0E2C4AB3E5DC7F5 BaseClass:/Game/Blueprints/character_test.character_test_C NativeClass:/Script/Engine.Character Name:character_test_C_UAID_E073E73975F0ACA201_1413567506 Label:character_test SpatiallyLoaded:1 Bounds:IsValid=true, Min=(X=874.877 Y=174.879 Z=35.643), Max=(X=925.377 Y=225.129 Z=141.768) RuntimeGrid:None EditorOnly:0 RuntimeOnly:0 HLODRelevant:0
 |   |   |- Guid:B785ED2844B84CFB91E7F39FE661CD99 BaseClass: NativeClass:/Script/Engine.DirectionalLight Name:DirectionalLight_0 Label:DirectionalLight SpatiallyLoaded:0 Bounds:IsValid=true, Min=(X=-4398046511104.000 Y=-4398046511104.000 Z=-4398046511104.000), Max=(X=4398046511104.000 Y=4398046511104.000 Z=4398046511104.000) RuntimeGrid:None EditorOnly:0 RuntimeOnly:0 HLODRelevant:0 FolderPath:Lighting FolderGuid:963EC3EB4002CCE9759E2EBA541A873A
 |   |   |- Guid:C15C2C8D4EA4ADE0BD1349AFD814988B BaseClass: NativeClass:/Script/Engine.StaticMeshActor Name:StaticMeshActor_14 Label:SM_Ramp3 SpatiallyLoaded:1 Bounds:IsValid=true, Min=(X=1490.000 Y=1590.000 Z=100.000), Max=(X=1690.000 Y=1990.000 Z=200.000) RuntimeGrid:None EditorOnly:0 RuntimeOnly:0 HLODRelevant:1 FolderPath:Block01 FolderGuid:7D23E5AE4C2A421F86AF6986D87E6D05
 |   |   |- Guid:CCFF262C46EEFFDF319E7F9539CE697E BaseClass: NativeClass:/Script/Engine.SkyAtmosphere Name:SkyAtmosphere_0 Label:SkyAtmosphere SpatiallyLoaded:0 Bounds:IsValid=true, Min=(X=0.000 Y=0.000 Z=1020.000), Max=(X=0.000 Y=0.000 Z=1020.000) RuntimeGrid:None EditorOnly:0 RuntimeOnly:0 HLODRelevant:0 FolderPath:Lighting FolderGuid:963EC3EB4002CCE9759E2EBA541A873A
 |   |   |- Guid:EC4E0C944CE6AC6E784BC6BB2916EA13 BaseClass: NativeClass:/Script/Engine.StaticMeshActor Name:StaticMeshActor_UAID_A4AE111137DC5EFB00_1110535423 Label:SM_SkySphere SpatiallyLoaded:0 Bounds:IsValid=true, Min=(X=-1638400.000 Y=-1638400.000 Z=-1638400.000), Max=(X=1638400.000 Y=1638400.000 Z=1638400.000) RuntimeGrid:None EditorOnly:0 RuntimeOnly:0 HLODRelevant:1 FolderPath:Lighting FolderGuid:963EC3EB4002CCE9759E2EBA541A873A
 |   |   |- Guid:EDAA34A64E50B17535C2EB826C12557D BaseClass: NativeClass:/Script/Engine.StaticMeshActor Name:StaticMeshActor_9 Label:SM_Ramp2 SpatiallyLoaded:1 Bounds:IsValid=true, Min=(X=1090.000 Y=1390.000 Z=0.000), Max=(X=1490.000 Y=1590.000 Z=100.000) RuntimeGrid:None EditorOnly:0 RuntimeOnly:0 HLODRelevant:1 FolderPath:Block01 FolderGuid:7D23E5AE4C2A421F86AF6986D87E6D05
 |   |   |- Guid:F02EF25B4D3C35D96726EE9B8794C5B7 BaseClass:/Game/Blueprints/BP_Dice_8.BP_Dice_8_C NativeClass:/Script/Engine.Character Name:BP_Dice_8_C_UAID_E073E73975F0189F01_1396186287 Label:BP_Dice_8 SpatiallyLoaded:1 Bounds:IsValid=true, Min=(X=2126.000 Y=2486.000 Z=-3.937), Max=(X=2412.000 Y=3122.000 Z=124.063) RuntimeGrid:None EditorOnly:0 RuntimeOnly:0 HLODRelevant:0
 |   |   |- Guid:F1924B8D48954B30891B2DB6A694F9CC BaseClass: NativeClass:/Script/Engine.StaticMeshActor Name:StaticMeshActor_1 Label:SM_Cube SpatiallyLoaded:1 Bounds:IsValid=true, Min=(X=-1400.000 Y=-540.000 Z=-50.000), Max=(X=3000.000 Y=3610.000 Z=0.000) RuntimeGrid:None EditorOnly:0 RuntimeOnly:0 HLODRelevant:1 FolderPath:Playground FolderGuid:C73F09FC4215536B1DCE2A9E0A830C70
 |   |   |- Guid:F4AAA1CA4D204EB96E54F5BD1EB46A62 BaseClass: NativeClass:/Script/Engine.StaticMeshActor Name:StaticMeshActor_7 Label:SM_Cube7 SpatiallyLoaded:1 Bounds:IsValid=true, Min=(X=990.000 Y=2090.000 Z=0.000), Max=(X=1190.000 Y=2190.000 Z=200.000) RuntimeGrid:None EditorOnly:0 RuntimeOnly:0 HLODRelevant:1 FolderPath:Block01 FolderGuid:7D23E5AE4C2A421F86AF6986D87E6D05
 |   |   |- Guid:F5E3FEB3450C49844FD93DA8E083C8AD BaseClass: NativeClass:/Script/Engine.PostProcessVolume Name:PostProcessVolume_0 Label:PostProcessVolume SpatiallyLoaded:0 Bounds:IsValid=true, Min=(X=0.000 Y=0.000 Z=400.000), Max=(X=200.000 Y=200.000 Z=600.000) RuntimeGrid:None EditorOnly:0 RuntimeOnly:0 HLODRelevant:0 FolderPath:Lighting FolderGuid:963EC3EB4002CCE9759E2EBA541A873A
 |   |   |- Guid:F703AD214DE20FBE9DA411817BF79E0A BaseClass: NativeClass:/Script/Engine.StaticMeshActor Name:StaticMeshActor_21 Label:SM_QuarterCylinder3 SpatiallyLoaded:1 Bounds:IsValid=true, Min=(X=1190.000 Y=2090.000 Z=0.000), Max=(X=1290.000 Y=2190.000 Z=200.000) RuntimeGrid:None EditorOnly:0 RuntimeOnly:0 HLODRelevant:1 FolderPath:Block01 FolderGuid:7D23E5AE4C2A421F86AF6986D87E6D05
 |   |   |- Guid:F9C12ED3463745C0470360B269BA764C BaseClass: NativeClass:/Script/Engine.StaticMeshActor Name:StaticMeshActor_UAID_E073E73975F0F5A101_1616098296 Label:Cube SpatiallyLoaded:1 Bounds:IsValid=true, Min=(X=440.000 Y=2970.000 Z=220.000), Max=(X=540.000 Y=3070.000 Z=320.000) RuntimeGrid:None EditorOnly:0 RuntimeOnly:0 HLODRelevant:0
 |   |- [+] Clusters:
 |   |   |- [+] [  0]
 |   |   |   |- Guid:3A00AA1C422CE54C0BDB60BAF471BFBB BaseClass: NativeClass:/Script/Engine.PlayerStart Name:PlayerStart_0 Label:PlayerStart SpatiallyLoaded:0 Bounds:IsValid=true, Min=(X=713.647 Y=433.647 Z=76.438), Max=(X=826.353 Y=546.353 Z=260.438) RuntimeGrid:None EditorOnly:0 RuntimeOnly:0 HLODRelevant:0
 |   |   |- [+] [  1]
 |   |   |   |- Guid:F1924B8D48954B30891B2DB6A694F9CC BaseClass: NativeClass:/Script/Engine.StaticMeshActor Name:StaticMeshActor_1 Label:SM_Cube SpatiallyLoaded:1 Bounds:IsValid=true, Min=(X=-1400.000 Y=-540.000 Z=-50.000), Max=(X=3000.000 Y=3610.000 Z=0.000) RuntimeGrid:None EditorOnly:0 RuntimeOnly:0 HLODRelevant:1 FolderPath:Playground FolderGuid:C73F09FC4215536B1DCE2A9E0A830C70
 |   |   |- [+] [  2]
 |   |   |   |- Guid:A9F92C8C4014F0E2417666BCD6BA8242 BaseClass:/Game/Blueprints/BP_Convoyeur.BP_Convoyeur_C NativeClass:/Script/Engine.Actor Name:BP_Convoyeur_C_UAID_E073E73975F0F8A101_1248244830 Label:BP_Convoyeur7 SpatiallyLoaded:1 Bounds:IsValid=true, Min=(X=1530.000 Y=2920.000 Z=140.063), Max=(X=2030.000 Y=3080.000 Z=300.063) RuntimeGrid:None EditorOnly:0 RuntimeOnly:0 HLODRelevant:0
 |   |   |- [+] [  3]
 |   |   |   |- Guid:25B181D849C3AAAD80CD12997B89E7F6 BaseClass:/Game/Blueprints/BP_TestChiffres.BP_TestChiffres_C NativeClass:/Script/Engine.Actor Name:BP_TestChiffres_C_UAID_E073E73975F00DA001_1824100407 Label:BP_TestChiffres SpatiallyLoaded:1 Bounds:IsValid=true, Min=(X=2560.000 Y=1045.000 Z=-12.500), Max=(X=2862.500 Y=1395.000 Z=279.375) RuntimeGrid:None EditorOnly:0 RuntimeOnly:0 HLODRelevant:0
 |   |   |- [+] [  4]
 |   |   |   |- Guid:F9C12ED3463745C0470360B269BA764C BaseClass: NativeClass:/Script/Engine.StaticMeshActor Name:StaticMeshActor_UAID_E073E73975F0F5A101_1616098296 Label:Cube SpatiallyLoaded:1 Bounds:IsValid=true, Min=(X=440.000 Y=2970.000 Z=220.000), Max=(X=540.000 Y=3070.000 Z=320.000) RuntimeGrid:None EditorOnly:0 RuntimeOnly:0 HLODRelevant:0
 |   |   |- [+] [  5]
 |   |   |   |- Guid:EC4E0C944CE6AC6E784BC6BB2916EA13 BaseClass: NativeClass:/Script/Engine.StaticMeshActor Name:StaticMeshActor_UAID_A4AE111137DC5EFB00_1110535423 Label:SM_SkySphere SpatiallyLoaded:0 Bounds:IsValid=true, Min=(X=-1638400.000 Y=-1638400.000 Z=-1638400.000), Max=(X=1638400.000 Y=1638400.000 Z=1638400.000) RuntimeGrid:None EditorOnly:0 RuntimeOnly:0 HLODRelevant:1 FolderPath:Lighting FolderGuid:963EC3EB4002CCE9759E2EBA541A873A
 |   |   |- [+] [  6]
 |   |   |   |- Guid:A3D60B164EE63F17F99D9993F4639E2C BaseClass:/Game/Blueprints/BP_Convoyeur.BP_Convoyeur_C NativeClass:/Script/Engine.Actor Name:BP_Convoyeur_C_UAID_E073E73975F0F5A101_1831435297 Label:BP_Convoyeur2 SpatiallyLoaded:1 Bounds:IsValid=true, Min=(X=410.000 Y=2430.000 Z=-29.937), Max=(X=910.000 Y=2590.000 Z=130.063) RuntimeGrid:None EditorOnly:0 RuntimeOnly:0 HLODRelevant:0
 |   |   |- [+] [  7]
 |   |   |   |- Guid:6BAF4DDD444C60371492D3919DB42C97 BaseClass: NativeClass:/Script/Engine.WorldDataLayers Name:WorldDataLayers Label:WorldDataLayers SpatiallyLoaded:0 Bounds:IsValid=true, Min=(X=0.000 Y=0.000 Z=0.000), Max=(X=0.000 Y=0.000 Z=0.000) RuntimeGrid:None EditorOnly:0 RuntimeOnly:0 HLODRelevant:0
 |   |   |- [+] [  8]
 |   |   |   |- Guid:43815E84492231AFC407F59E3C28176B BaseClass: NativeClass:/Script/Engine.StaticMeshActor Name:StaticMeshActor_4 Label:SM_Cube6 SpatiallyLoaded:1 Bounds:IsValid=true, Min=(X=2900.000 Y=-540.000 Z=0.000), Max=(X=3000.000 Y=3610.000 Z=400.000) RuntimeGrid:None EditorOnly:0 RuntimeOnly:0 HLODRelevant:1 FolderPath:Playground FolderGuid:C73F09FC4215536B1DCE2A9E0A830C70
 |   |   |- [+] [  9]
 |   |   |   |- Guid:F5E3FEB3450C49844FD93DA8E083C8AD BaseClass: NativeClass:/Script/Engine.PostProcessVolume Name:PostProcessVolume_0 Label:PostProcessVolume SpatiallyLoaded:0 Bounds:IsValid=true, Min=(X=0.000 Y=0.000 Z=400.000), Max=(X=200.000 Y=200.000 Z=600.000) RuntimeGrid:None EditorOnly:0 RuntimeOnly:0 HLODRelevant:0 FolderPath:Lighting FolderGuid:963EC3EB4002CCE9759E2EBA541A873A
 |   |   |- [+] [ 10]
 |   |   |   |- Guid:20166F28431A3F807D8D76B3CA6CBDDA BaseClass:/Game/Blueprints/BP_Convoyeur.BP_Convoyeur_C NativeClass:/Script/Engine.Actor Name:BP_Convoyeur_C_UAID_E073E73975F0F8A101_1220666829 Label:BP_Convoyeur6 SpatiallyLoaded:1 Bounds:IsValid=true, Min=(X=1870.000 Y=2430.000 Z=140.063), Max=(X=2030.000 Y=2930.000 Z=300.063) RuntimeGrid:None EditorOnly:0 RuntimeOnly:0 HLODRelevant:0
 |   |   |- [+] [ 11]
 |   |   |   |- Guid:AB74120142217676C6EC818E6B49412B BaseClass: NativeClass:/Script/Engine.StaticMeshActor Name:StaticMeshActor_15 Label:SM_Cube10 SpatiallyLoaded:1 Bounds:IsValid=true, Min=(X=1490.000 Y=1990.000 Z=100.000), Max=(X=1690.000 Y=2090.000 Z=200.000) RuntimeGrid:None EditorOnly:0 RuntimeOnly:0 HLODRelevant:1 FolderPath:Block01 FolderGuid:7D23E5AE4C2A421F86AF6986D87E6D05
 |   |   |- [+] [ 12]
 |   |   |   |- Guid:F703AD214DE20FBE9DA411817BF79E0A BaseClass: NativeClass:/Script/Engine.StaticMeshActor Name:StaticMeshActor_21 Label:SM_QuarterCylinder3 SpatiallyLoaded:1 Bounds:IsValid=true, Min=(X=1190.000 Y=2090.000 Z=0.000), Max=(X=1290.000 Y=2190.000 Z=200.000) RuntimeGrid:None EditorOnly:0 RuntimeOnly:0 HLODRelevant:1 FolderPath:Block01 FolderGuid:7D23E5AE4C2A421F86AF6986D87E6D05
 |   |   |- [+] [ 13]
 |   |   |   |- Guid:5D9721814DD0C68C6EB94388E1FF3569 BaseClass:/Game/Blueprints/BP_Convoyeur.BP_Convoyeur_C NativeClass:/Script/Engine.Actor Name:BP_Convoyeur_C_UAID_E073E73975F0F5A101_1855013298 Label:BP_Convoyeur3 SpatiallyLoaded:1 Bounds:IsValid=true, Min=(X=898.183 Y=2430.000 Z=-0.947), Max=(X=1380.000 Y=2590.000 Z=281.962) RuntimeGrid:None EditorOnly:0 RuntimeOnly:0 HLODRelevant:0
 |   |   |- [+] [ 14]
 |   |   |   |- Guid:961864A84FF6F65B68F2A3BE5819D538 BaseClass: NativeClass:/Script/Engine.StaticMeshActor Name:StaticMeshActor_8 Label:SM_Cube4 SpatiallyLoaded:1 Bounds:IsValid=true, Min=(X=890.000 Y=1590.000 Z=0.000), Max=(X=1490.000 Y=2090.000 Z=200.000) RuntimeGrid:None EditorOnly:0 RuntimeOnly:0 HLODRelevant:1 FolderPath:Block01 FolderGuid:7D23E5AE4C2A421F86AF6986D87E6D05
 |   |   |- [+] [ 15]
 |   |   |   |- Guid:0A733B864C327F0B589EC8BBDD0265BC BaseClass: NativeClass:/Script/Engine.StaticMeshActor Name:StaticMeshActor_13 Label:SM_Cube9 SpatiallyLoaded:1 Bounds:IsValid=true, Min=(X=1490.000 Y=1390.000 Z=0.000), Max=(X=1690.000 Y=2090.000 Z=100.000) RuntimeGrid:None EditorOnly:0 RuntimeOnly:0 HLODRelevant:1 FolderPath:Block01 FolderGuid:7D23E5AE4C2A421F86AF6986D87E6D05
 |   |   |- [+] [ 16]
 |   |   |   |- Guid:79C9B0C246824948C2428ABA13657451 BaseClass: NativeClass:/Script/Engine.StaticMeshActor Name:StaticMeshActor_25 Label:SM_QuarterCylinder6 SpatiallyLoaded:1 Bounds:IsValid=true, Min=(X=890.000 Y=2090.000 Z=0.000), Max=(X=990.000 Y=2190.000 Z=200.000) RuntimeGrid:None EditorOnly:0 RuntimeOnly:0 HLODRelevant:1 FolderPath:Block01 FolderGuid:7D23E5AE4C2A421F86AF6986D87E6D05
 |   |   |- [+] [ 17]
 |   |   |   |- Guid:F02EF25B4D3C35D96726EE9B8794C5B7 BaseClass:/Game/Blueprints/BP_Dice_8.BP_Dice_8_C NativeClass:/Script/Engine.Character Name:BP_Dice_8_C_UAID_E073E73975F0189F01_1396186287 Label:BP_Dice_8 SpatiallyLoaded:1 Bounds:IsValid=true, Min=(X=2126.000 Y=2486.000 Z=-3.937), Max=(X=2412.000 Y=3122.000 Z=124.063) RuntimeGrid:None EditorOnly:0 RuntimeOnly:0 HLODRelevant:0
 |   |   |- [+] [ 18]
 |   |   |   |- Guid:07DB48BC4D6D828D4E1106B7342BA51F BaseClass:/Game/Blueprints/BP_Convoyeur.BP_Convoyeur_C NativeClass:/Script/Engine.Actor Name:BP_Convoyeur_C_UAID_E073E73975F0F5A101_1884305299 Label:BP_Convoyeur4 SpatiallyLoaded:1 Bounds:IsValid=true, Min=(X=560.000 Y=2920.000 Z=-29.937), Max=(X=1060.000 Y=3080.000 Z=130.063) RuntimeGrid:None EditorOnly:0 RuntimeOnly:0 HLODRelevant:0
 |   |   |- [+] [ 19]
 |   |   |   |- Guid:1CFE31B743C0EFB13C718B8637A5F506 BaseClass:/Game/Blueprints/BP_Convoyeur.BP_Convoyeur_C NativeClass:/Script/Engine.Actor Name:BP_Convoyeur_C_UAID_E073E73975F0F8A101_1202592828 Label:BP_Convoyeur5 SpatiallyLoaded:1 Bounds:IsValid=true, Min=(X=1380.000 Y=2430.000 Z=140.063), Max=(X=1880.000 Y=2590.000 Z=300.063) RuntimeGrid:None EditorOnly:0 RuntimeOnly:0 HLODRelevant:0
 |   |   |- [+] [ 20]
 |   |   |   |- Guid:C15C2C8D4EA4ADE0BD1349AFD814988B BaseClass: NativeClass:/Script/Engine.StaticMeshActor Name:StaticMeshActor_14 Label:SM_Ramp3 SpatiallyLoaded:1 Bounds:IsValid=true, Min=(X=1490.000 Y=1590.000 Z=100.000), Max=(X=1690.000 Y=1990.000 Z=200.000) RuntimeGrid:None EditorOnly:0 RuntimeOnly:0 HLODRelevant:1 FolderPath:Block01 FolderGuid:7D23E5AE4C2A421F86AF6986D87E6D05
 |   |   |- [+] [ 21]
 |   |   |   |- Guid:943A5C384BE2C180EF56209BE965B238 BaseClass:/Game/Blueprints/BP_Conveyor/BP_Conveyor.BP_Conveyor_C NativeClass:/Script/Engine.Actor Name:BP_Conveyor_C_UAID_E073E73975F092A201_1786665937 Label:BP_Conveyor SpatiallyLoaded:1 Bounds:IsValid=true, Min=(X=695.137 Y=38.519 Z=-5.863), Max=(X=1780.236 Y=724.444 Z=260.063) RuntimeGrid:None EditorOnly:0 RuntimeOnly:0 HLODRelevant:0
 |   |   |- [+] [ 22]
 |   |   |   |- Guid:F4AAA1CA4D204EB96E54F5BD1EB46A62 BaseClass: NativeClass:/Script/Engine.StaticMeshActor Name:StaticMeshActor_7 Label:SM_Cube7 SpatiallyLoaded:1 Bounds:IsValid=true, Min=(X=990.000 Y=2090.000 Z=0.000), Max=(X=1190.000 Y=2190.000 Z=200.000) RuntimeGrid:None EditorOnly:0 RuntimeOnly:0 HLODRelevant:1 FolderPath:Block01 FolderGuid:7D23E5AE4C2A421F86AF6986D87E6D05
 |   |   |- [+] [ 23]
 |   |   |   |- Guid:21E2A6EE4D2C414BE13F1C822A933DB5 BaseClass: NativeClass:/Script/Engine.StaticMeshActor Name:StaticMeshActor_UAID_E073E73975F093A201_1820017104 Label:Cube2 SpatiallyLoaded:1 Bounds:IsValid=true, Min=(X=1125.000 Y=95.000 Z=95.000), Max=(X=1175.000 Y=145.000 Z=145.000) RuntimeGrid:None EditorOnly:0 RuntimeOnly:0 HLODRelevant:0
 |   |   |- [+] [ 24]
 |   |   |   |- Guid:B785ED2844B84CFB91E7F39FE661CD99 BaseClass: NativeClass:/Script/Engine.DirectionalLight Name:DirectionalLight_0 Label:DirectionalLight SpatiallyLoaded:0 Bounds:IsValid=true, Min=(X=-4398046511104.000 Y=-4398046511104.000 Z=-4398046511104.000), Max=(X=4398046511104.000 Y=4398046511104.000 Z=4398046511104.000) RuntimeGrid:None EditorOnly:0 RuntimeOnly:0 HLODRelevant:0 FolderPath:Lighting FolderGuid:963EC3EB4002CCE9759E2EBA541A873A
 |   |   |- [+] [ 25]
 |   |   |   |- Guid:CCFF262C46EEFFDF319E7F9539CE697E BaseClass: NativeClass:/Script/Engine.SkyAtmosphere Name:SkyAtmosphere_0 Label:SkyAtmosphere SpatiallyLoaded:0 Bounds:IsValid=true, Min=(X=0.000 Y=0.000 Z=1020.000), Max=(X=0.000 Y=0.000 Z=1020.000) RuntimeGrid:None EditorOnly:0 RuntimeOnly:0 HLODRelevant:0 FolderPath:Lighting FolderGuid:963EC3EB4002CCE9759E2EBA541A873A
 |   |   |- [+] [ 26]
 |   |   |   |- Guid:25B56BE340707AD2B0200E8BF183E314 BaseClass:/Game/Blueprints/BP_Convoyeur.BP_Convoyeur_C NativeClass:/Script/Engine.Actor Name:BP_Convoyeur_C_UAID_E073E73975F0F8A101_1262617831 Label:BP_Convoyeur8 SpatiallyLoaded:1 Bounds:IsValid=true, Min=(X=1080.000 Y=2920.000 Z=-29.937), Max=(X=1580.000 Y=3080.000 Z=130.063) RuntimeGrid:None EditorOnly:0 RuntimeOnly:0 HLODRelevant:0
 |   |   |- [+] [ 27]
 |   |   |   |- Guid:316CF2A6494ACA4C0E4180A87D36AB8F BaseClass: NativeClass:/Script/Engine.ExponentialHeightFog Name:ExponentialHeightFog_0 Label:ExponentialHeightFog SpatiallyLoaded:0 Bounds:IsValid=true, Min=(X=-5600.000 Y=-50.000 Z=-6850.000), Max=(X=-5600.000 Y=-50.000 Z=-6850.000) RuntimeGrid:None EditorOnly:0 RuntimeOnly:0 HLODRelevant:0 FolderPath:Lighting FolderGuid:963EC3EB4002CCE9759E2EBA541A873A
 |   |   |- [+] [ 28]
 |   |   |   |- Guid:1CD1099B400B62F1F2D3A5BCC5CEAFEF BaseClass: NativeClass:/Script/NavigationSystem.RecastNavMesh Name:RecastNavMesh_UAID_E073E73975F0179F01-Default Label:RecastNavMesh-Default SpatiallyLoaded:0 Bounds:IsValid=true, Min=(X=0.000 Y=0.000 Z=0.000), Max=(X=0.000 Y=0.000 Z=0.000) RuntimeGrid:None EditorOnly:0 RuntimeOnly:0 HLODRelevant:0
 |   |   |- [+] [ 29]
 |   |   |   |- Guid:3ACEEE2B488EBD1FFEF3B4837DA77766 BaseClass:/Game/Blueprints/BP_Convoyeur.BP_Convoyeur_C NativeClass:/Script/Engine.Actor Name:BP_Convoyeur_C_UAID_E073E73975F0F5A101_1463970295 Label:BP_Convoyeur SpatiallyLoaded:1 Bounds:IsValid=true, Min=(X=410.000 Y=2580.000 Z=-29.937), Max=(X=570.000 Y=3080.000 Z=130.063) RuntimeGrid:None EditorOnly:0 RuntimeOnly:0 HLODRelevant:0
 |   |   |- [+] [ 30]
 |   |   |   |- Guid:83EFF749402BDEF1590E6E93EC927B5F BaseClass:/Game/Blueprints/BP_TestFace.BP_TestFace_C NativeClass:/Script/Engine.Actor Name:BP_TestHasard_C_UAID_E073E73975F07B9E01_1911338655 Label:BP_TestHasard SpatiallyLoaded:1 Bounds:IsValid=true, Min=(X=2490.000 Y=490.000 Z=0.063), Max=(X=2875.000 Y=765.000 Z=282.563) RuntimeGrid:None EditorOnly:0 RuntimeOnly:0 HLODRelevant:0
 |   |   |- [+] [ 31]
 |   |   |   |- Guid:EDAA34A64E50B17535C2EB826C12557D BaseClass: NativeClass:/Script/Engine.StaticMeshActor Name:StaticMeshActor_9 Label:SM_Ramp2 SpatiallyLoaded:1 Bounds:IsValid=true, Min=(X=1090.000 Y=1390.000 Z=0.000), Max=(X=1490.000 Y=1590.000 Z=100.000) RuntimeGrid:None EditorOnly:0 RuntimeOnly:0 HLODRelevant:1 FolderPath:Block01 FolderGuid:7D23E5AE4C2A421F86AF6986D87E6D05
 |   |   |- [+] [ 32]
 |   |   |   |- Guid:AF1010904F1A4401D0E2C4AB3E5DC7F5 BaseClass:/Game/Blueprints/character_test.character_test_C NativeClass:/Script/Engine.Character Name:character_test_C_UAID_E073E73975F0ACA201_1413567506 Label:character_test SpatiallyLoaded:1 Bounds:IsValid=true, Min=(X=874.877 Y=174.879 Z=35.643), Max=(X=925.377 Y=225.129 Z=141.768) RuntimeGrid:None EditorOnly:0 RuntimeOnly:0 HLODRelevant:0
 |- ContainerInstances:
 |- [+] MainContainer:
 |   |-        ID: 0x0000000000000000
 |   |-    Bounds: IsValid=false, Min=(X=0.000 Y=0.000 Z=0.000), Max=(X=0.000 Y=0.000 Z=0.000)
 |   |- Transform: 0.000000,0.000000,0.000000|0.000000,0.000000,-0.000000|1.000000,1.000000,1.000000
 |   |- Container: /Game/Maps/ThirdPersonMap
----------------------------------------------------------------------------------------------------------------
ThirdPersonMap - Persistent Level
----------------------------------------------------------------------------------------------------------------
Always loaded Actor Count: 45 

----------------------------------------------------------------------------------------------------------------
ThirdPersonMap - Runtime Spatial Hash - Streaming Grid - MainGrid
----------------------------------------------------------------------------------------------------------------
            Origin: X=0.000 Y=0.000 Z=0.000
         Cell Size: 12800
      World Bounds: IsValid=false, Min=(X=0.000 Y=0.000 Z=0.000), Max=(X=0.000 Y=0.000 Z=0.000)
     Loading Range: 25600.00
Block Slow Loading: No
 ClientOnlyVisible: No

[+] Grid Levels: 1
 |- Level  0: Cell Count    0 | Cell Size   12800 | Actor Count    0 (0.0%)

[+] Content of Grid Level 0

